<?xml version="1.0" encoding="UTF-8"?>
<!-- Generated by org.testng.reporters.JUnitReportReporter -->
<testsuite hostname="DESKTOP-591F10Q" failures="0" tests="1" name="com.project.Second" time="0.009" errors="0" timestamp="2022-07-01T16:12:49 IST" skipped="0">
  <testcase classname="com.project.Second" name="f" time="0.009"/>
  <system-out/>
</testsuite> <!-- com.project.Second -->
