<?xml version="1.0" encoding="UTF-8"?>
<!-- Generated by org.testng.reporters.JUnitReportReporter -->
<testsuite hostname="DESKTOP-591F10Q" failures="0" tests="1" name="com.project.Firstprogram" time="0.068" errors="0" timestamp="2022-07-01T15:37:04 IST" skipped="0">
  <testcase classname="com.project.Firstprogram" name="f" time="0.068"/>
  <system-out/>
</testsuite> <!-- com.project.Firstprogram -->
